<?xml version="1.0" encoding="UTF-8"?>
<testsuite xmlns:xsi="http://www.w3.org/2001/XMLSchema-instance" xsi:noNamespaceSchemaLocation="https://maven.apache.org/surefire/maven-surefire-plugin/xsd/surefire-test-report-3.0.xsd" version="3.0" name="com.amazonaws.lambda.demo.LambdaFunctionHandlerTest" time="1.751" tests="1" errors="0" skipped="0" failures="0">
  <properties>
    <property name="java.specification.version" value="20"/>
    <property name="sun.jnu.encoding" value="UTF-8"/>
    <property name="java.class.path" value="/Users/avani/eclipse-workspace/aws-lambda-dynamodb-java-sdk/target/test-classes:/Users/avani/eclipse-workspace/aws-lambda-dynamodb-java-sdk/target/classes:/Users/avani/.m2/repository/com/google/code/gson/gson/2.10.1/gson-2.10.1.jar:/Users/avani/.m2/repository/software/amazon/awssdk/sns/2.20.47/sns-2.20.47.jar:/Users/avani/.m2/repository/software/amazon/awssdk/aws-query-protocol/2.20.47/aws-query-protocol-2.20.47.jar:/Users/avani/.m2/repository/software/amazon/awssdk/protocol-core/2.20.47/protocol-core-2.20.47.jar:/Users/avani/.m2/repository/software/amazon/awssdk/sdk-core/2.20.47/sdk-core-2.20.47.jar:/Users/avani/.m2/repository/software/amazon/awssdk/profiles/2.20.47/profiles-2.20.47.jar:/Users/avani/.m2/repository/org/slf4j/slf4j-api/1.7.30/slf4j-api-1.7.30.jar:/Users/avani/.m2/repository/org/reactivestreams/reactive-streams/1.0.3/reactive-streams-1.0.3.jar:/Users/avani/.m2/repository/software/amazon/awssdk/auth/2.20.47/auth-2.20.47.jar:/Users/avani/.m2/repository/software/amazon/eventstream/eventstream/1.0.1/eventstream-1.0.1.jar:/Users/avani/.m2/repository/software/amazon/awssdk/http-client-spi/2.20.47/http-client-spi-2.20.47.jar:/Users/avani/.m2/repository/software/amazon/awssdk/regions/2.20.47/regions-2.20.47.jar:/Users/avani/.m2/repository/software/amazon/awssdk/annotations/2.20.47/annotations-2.20.47.jar:/Users/avani/.m2/repository/software/amazon/awssdk/utils/2.20.47/utils-2.20.47.jar:/Users/avani/.m2/repository/software/amazon/awssdk/aws-core/2.20.47/aws-core-2.20.47.jar:/Users/avani/.m2/repository/software/amazon/awssdk/metrics-spi/2.20.47/metrics-spi-2.20.47.jar:/Users/avani/.m2/repository/software/amazon/awssdk/json-utils/2.20.47/json-utils-2.20.47.jar:/Users/avani/.m2/repository/software/amazon/awssdk/third-party-jackson-core/2.20.47/third-party-jackson-core-2.20.47.jar:/Users/avani/.m2/repository/software/amazon/awssdk/endpoints-spi/2.20.47/endpoints-spi-2.20.47.jar:/Users/avani/.m2/repository/software/amazon/awssdk/apache-client/2.20.47/apache-client-2.20.47.jar:/Users/avani/.m2/repository/org/apache/httpcomponents/httpclient/4.5.13/httpclient-4.5.13.jar:/Users/avani/.m2/repository/org/apache/httpcomponents/httpcore/4.4.13/httpcore-4.4.13.jar:/Users/avani/.m2/repository/commons-codec/commons-codec/1.15/commons-codec-1.15.jar:/Users/avani/.m2/repository/software/amazon/awssdk/netty-nio-client/2.20.47/netty-nio-client-2.20.47.jar:/Users/avani/.m2/repository/io/netty/netty-codec-http/4.1.86.Final/netty-codec-http-4.1.86.Final.jar:/Users/avani/.m2/repository/io/netty/netty-codec-http2/4.1.86.Final/netty-codec-http2-4.1.86.Final.jar:/Users/avani/.m2/repository/io/netty/netty-codec/4.1.86.Final/netty-codec-4.1.86.Final.jar:/Users/avani/.m2/repository/io/netty/netty-transport/4.1.86.Final/netty-transport-4.1.86.Final.jar:/Users/avani/.m2/repository/io/netty/netty-resolver/4.1.86.Final/netty-resolver-4.1.86.Final.jar:/Users/avani/.m2/repository/io/netty/netty-common/4.1.86.Final/netty-common-4.1.86.Final.jar:/Users/avani/.m2/repository/io/netty/netty-buffer/4.1.86.Final/netty-buffer-4.1.86.Final.jar:/Users/avani/.m2/repository/io/netty/netty-handler/4.1.86.Final/netty-handler-4.1.86.Final.jar:/Users/avani/.m2/repository/io/netty/netty-transport-native-unix-common/4.1.86.Final/netty-transport-native-unix-common-4.1.86.Final.jar:/Users/avani/.m2/repository/io/netty/netty-transport-classes-epoll/4.1.86.Final/netty-transport-classes-epoll-4.1.86.Final.jar:/Users/avani/.m2/repository/com/amazonaws/aws-java-sdk-dynamodb/1.11.256/aws-java-sdk-dynamodb-1.11.256.jar:/Users/avani/.m2/repository/com/amazonaws/aws-java-sdk-s3/1.11.256/aws-java-sdk-s3-1.11.256.jar:/Users/avani/.m2/repository/com/amazonaws/aws-java-sdk-kms/1.11.256/aws-java-sdk-kms-1.11.256.jar:/Users/avani/.m2/repository/com/amazonaws/aws-java-sdk-core/1.11.256/aws-java-sdk-core-1.11.256.jar:/Users/avani/.m2/repository/commons-logging/commons-logging/1.1.3/commons-logging-1.1.3.jar:/Users/avani/.m2/repository/software/amazon/ion/ion-java/1.0.2/ion-java-1.0.2.jar:/Users/avani/.m2/repository/com/fasterxml/jackson/core/jackson-databind/2.6.7.1/jackson-databind-2.6.7.1.jar:/Users/avani/.m2/repository/com/fasterxml/jackson/core/jackson-annotations/2.6.0/jackson-annotations-2.6.0.jar:/Users/avani/.m2/repository/com/fasterxml/jackson/core/jackson-core/2.6.7/jackson-core-2.6.7.jar:/Users/avani/.m2/repository/com/fasterxml/jackson/dataformat/jackson-dataformat-cbor/2.6.7/jackson-dataformat-cbor-2.6.7.jar:/Users/avani/.m2/repository/joda-time/joda-time/2.8.1/joda-time-2.8.1.jar:/Users/avani/.m2/repository/com/amazonaws/jmespath-java/1.11.256/jmespath-java-1.11.256.jar:/Users/avani/.m2/repository/junit/junit/4.12/junit-4.12.jar:/Users/avani/.m2/repository/org/hamcrest/hamcrest-core/1.3/hamcrest-core-1.3.jar:/Users/avani/.m2/repository/com/amazonaws/aws-lambda-java-events/1.3.0/aws-lambda-java-events-1.3.0.jar:/Users/avani/.m2/repository/com/amazonaws/aws-java-sdk-sns/1.11.256/aws-java-sdk-sns-1.11.256.jar:/Users/avani/.m2/repository/com/amazonaws/aws-java-sdk-sqs/1.11.256/aws-java-sdk-sqs-1.11.256.jar:/Users/avani/.m2/repository/com/amazonaws/aws-java-sdk-cognitoidentity/1.11.256/aws-java-sdk-cognitoidentity-1.11.256.jar:/Users/avani/.m2/repository/com/amazonaws/aws-java-sdk-kinesis/1.11.256/aws-java-sdk-kinesis-1.11.256.jar:/Users/avani/.m2/repository/com/amazonaws/aws-lambda-java-core/1.1.0/aws-lambda-java-core-1.1.0.jar:"/>
    <property name="java.vm.vendor" value="Homebrew"/>
    <property name="sun.arch.data.model" value="64"/>
    <property name="java.vendor.url" value="https://github.com/Homebrew/homebrew-core/issues"/>
    <property name="os.name" value="Mac OS X"/>
    <property name="java.vm.specification.version" value="20"/>
    <property name="sun.java.launcher" value="SUN_STANDARD"/>
    <property name="user.country" value="CA"/>
    <property name="sun.boot.library.path" value="/opt/homebrew/Cellar/openjdk/20/libexec/openjdk.jdk/Contents/Home/lib"/>
    <property name="sun.java.command" value="/Users/avani/eclipse-workspace/aws-lambda-dynamodb-java-sdk/target/surefire/surefirebooter-20230424225722633_3.jar /Users/avani/eclipse-workspace/aws-lambda-dynamodb-java-sdk/target/surefire 2023-04-24T22-57-22_586-jvmRun1 surefire-20230424225722633_1tmp surefire_0-20230424225722633_2tmp"/>
    <property name="http.nonProxyHosts" value="local|*.local|169.254/16|*.169.254/16"/>
    <property name="jdk.debug" value="release"/>
    <property name="surefire.test.class.path" value="/Users/avani/eclipse-workspace/aws-lambda-dynamodb-java-sdk/target/test-classes:/Users/avani/eclipse-workspace/aws-lambda-dynamodb-java-sdk/target/classes:/Users/avani/.m2/repository/com/google/code/gson/gson/2.10.1/gson-2.10.1.jar:/Users/avani/.m2/repository/software/amazon/awssdk/sns/2.20.47/sns-2.20.47.jar:/Users/avani/.m2/repository/software/amazon/awssdk/aws-query-protocol/2.20.47/aws-query-protocol-2.20.47.jar:/Users/avani/.m2/repository/software/amazon/awssdk/protocol-core/2.20.47/protocol-core-2.20.47.jar:/Users/avani/.m2/repository/software/amazon/awssdk/sdk-core/2.20.47/sdk-core-2.20.47.jar:/Users/avani/.m2/repository/software/amazon/awssdk/profiles/2.20.47/profiles-2.20.47.jar:/Users/avani/.m2/repository/org/slf4j/slf4j-api/1.7.30/slf4j-api-1.7.30.jar:/Users/avani/.m2/repository/org/reactivestreams/reactive-streams/1.0.3/reactive-streams-1.0.3.jar:/Users/avani/.m2/repository/software/amazon/awssdk/auth/2.20.47/auth-2.20.47.jar:/Users/avani/.m2/repository/software/amazon/eventstream/eventstream/1.0.1/eventstream-1.0.1.jar:/Users/avani/.m2/repository/software/amazon/awssdk/http-client-spi/2.20.47/http-client-spi-2.20.47.jar:/Users/avani/.m2/repository/software/amazon/awssdk/regions/2.20.47/regions-2.20.47.jar:/Users/avani/.m2/repository/software/amazon/awssdk/annotations/2.20.47/annotations-2.20.47.jar:/Users/avani/.m2/repository/software/amazon/awssdk/utils/2.20.47/utils-2.20.47.jar:/Users/avani/.m2/repository/software/amazon/awssdk/aws-core/2.20.47/aws-core-2.20.47.jar:/Users/avani/.m2/repository/software/amazon/awssdk/metrics-spi/2.20.47/metrics-spi-2.20.47.jar:/Users/avani/.m2/repository/software/amazon/awssdk/json-utils/2.20.47/json-utils-2.20.47.jar:/Users/avani/.m2/repository/software/amazon/awssdk/third-party-jackson-core/2.20.47/third-party-jackson-core-2.20.47.jar:/Users/avani/.m2/repository/software/amazon/awssdk/endpoints-spi/2.20.47/endpoints-spi-2.20.47.jar:/Users/avani/.m2/repository/software/amazon/awssdk/apache-client/2.20.47/apache-client-2.20.47.jar:/Users/avani/.m2/repository/org/apache/httpcomponents/httpclient/4.5.13/httpclient-4.5.13.jar:/Users/avani/.m2/repository/org/apache/httpcomponents/httpcore/4.4.13/httpcore-4.4.13.jar:/Users/avani/.m2/repository/commons-codec/commons-codec/1.15/commons-codec-1.15.jar:/Users/avani/.m2/repository/software/amazon/awssdk/netty-nio-client/2.20.47/netty-nio-client-2.20.47.jar:/Users/avani/.m2/repository/io/netty/netty-codec-http/4.1.86.Final/netty-codec-http-4.1.86.Final.jar:/Users/avani/.m2/repository/io/netty/netty-codec-http2/4.1.86.Final/netty-codec-http2-4.1.86.Final.jar:/Users/avani/.m2/repository/io/netty/netty-codec/4.1.86.Final/netty-codec-4.1.86.Final.jar:/Users/avani/.m2/repository/io/netty/netty-transport/4.1.86.Final/netty-transport-4.1.86.Final.jar:/Users/avani/.m2/repository/io/netty/netty-resolver/4.1.86.Final/netty-resolver-4.1.86.Final.jar:/Users/avani/.m2/repository/io/netty/netty-common/4.1.86.Final/netty-common-4.1.86.Final.jar:/Users/avani/.m2/repository/io/netty/netty-buffer/4.1.86.Final/netty-buffer-4.1.86.Final.jar:/Users/avani/.m2/repository/io/netty/netty-handler/4.1.86.Final/netty-handler-4.1.86.Final.jar:/Users/avani/.m2/repository/io/netty/netty-transport-native-unix-common/4.1.86.Final/netty-transport-native-unix-common-4.1.86.Final.jar:/Users/avani/.m2/repository/io/netty/netty-transport-classes-epoll/4.1.86.Final/netty-transport-classes-epoll-4.1.86.Final.jar:/Users/avani/.m2/repository/com/amazonaws/aws-java-sdk-dynamodb/1.11.256/aws-java-sdk-dynamodb-1.11.256.jar:/Users/avani/.m2/repository/com/amazonaws/aws-java-sdk-s3/1.11.256/aws-java-sdk-s3-1.11.256.jar:/Users/avani/.m2/repository/com/amazonaws/aws-java-sdk-kms/1.11.256/aws-java-sdk-kms-1.11.256.jar:/Users/avani/.m2/repository/com/amazonaws/aws-java-sdk-core/1.11.256/aws-java-sdk-core-1.11.256.jar:/Users/avani/.m2/repository/commons-logging/commons-logging/1.1.3/commons-logging-1.1.3.jar:/Users/avani/.m2/repository/software/amazon/ion/ion-java/1.0.2/ion-java-1.0.2.jar:/Users/avani/.m2/repository/com/fasterxml/jackson/core/jackson-databind/2.6.7.1/jackson-databind-2.6.7.1.jar:/Users/avani/.m2/repository/com/fasterxml/jackson/core/jackson-annotations/2.6.0/jackson-annotations-2.6.0.jar:/Users/avani/.m2/repository/com/fasterxml/jackson/core/jackson-core/2.6.7/jackson-core-2.6.7.jar:/Users/avani/.m2/repository/com/fasterxml/jackson/dataformat/jackson-dataformat-cbor/2.6.7/jackson-dataformat-cbor-2.6.7.jar:/Users/avani/.m2/repository/joda-time/joda-time/2.8.1/joda-time-2.8.1.jar:/Users/avani/.m2/repository/com/amazonaws/jmespath-java/1.11.256/jmespath-java-1.11.256.jar:/Users/avani/.m2/repository/junit/junit/4.12/junit-4.12.jar:/Users/avani/.m2/repository/org/hamcrest/hamcrest-core/1.3/hamcrest-core-1.3.jar:/Users/avani/.m2/repository/com/amazonaws/aws-lambda-java-events/1.3.0/aws-lambda-java-events-1.3.0.jar:/Users/avani/.m2/repository/com/amazonaws/aws-java-sdk-sns/1.11.256/aws-java-sdk-sns-1.11.256.jar:/Users/avani/.m2/repository/com/amazonaws/aws-java-sdk-sqs/1.11.256/aws-java-sdk-sqs-1.11.256.jar:/Users/avani/.m2/repository/com/amazonaws/aws-java-sdk-cognitoidentity/1.11.256/aws-java-sdk-cognitoidentity-1.11.256.jar:/Users/avani/.m2/repository/com/amazonaws/aws-java-sdk-kinesis/1.11.256/aws-java-sdk-kinesis-1.11.256.jar:/Users/avani/.m2/repository/com/amazonaws/aws-lambda-java-core/1.1.0/aws-lambda-java-core-1.1.0.jar:"/>
    <property name="sun.cpu.endian" value="little"/>
    <property name="user.home" value="/Users/avani"/>
    <property name="user.language" value="en"/>
    <property name="java.specification.vendor" value="Oracle Corporation"/>
    <property name="java.version.date" value="2023-03-21"/>
    <property name="java.home" value="/opt/homebrew/Cellar/openjdk/20/libexec/openjdk.jdk/Contents/Home"/>
    <property name="file.separator" value="/"/>
    <property name="basedir" value="/Users/avani/eclipse-workspace/aws-lambda-dynamodb-java-sdk"/>
    <property name="java.vm.compressedOopsMode" value="Zero based"/>
    <property name="line.separator" value="&#10;"/>
    <property name="java.vm.specification.vendor" value="Oracle Corporation"/>
    <property name="java.specification.name" value="Java Platform API Specification"/>
    <property name="apple.awt.application.name" value="ForkedBooter"/>
    <property name="surefire.real.class.path" value="/Users/avani/eclipse-workspace/aws-lambda-dynamodb-java-sdk/target/surefire/surefirebooter-20230424225722633_3.jar"/>
    <property name="sun.management.compiler" value="HotSpot 64-Bit Tiered Compilers"/>
    <property name="ftp.nonProxyHosts" value="local|*.local|169.254/16|*.169.254/16"/>
    <property name="java.runtime.version" value="20"/>
    <property name="user.name" value="avani"/>
    <property name="stdout.encoding" value="UTF-8"/>
    <property name="path.separator" value=":"/>
    <property name="os.version" value="13.3.1"/>
    <property name="java.runtime.name" value="OpenJDK Runtime Environment"/>
    <property name="file.encoding" value="UTF-8"/>
    <property name="java.vm.name" value="OpenJDK 64-Bit Server VM"/>
    <property name="java.vendor.version" value="Homebrew"/>
    <property name="localRepository" value="/Users/avani/.m2/repository"/>
    <property name="java.vendor.url.bug" value="https://github.com/Homebrew/homebrew-core/issues"/>
    <property name="java.io.tmpdir" value="/var/folders/bg/1s_q8v_12yd174zk10tcq5rc0000gn/T/"/>
    <property name="java.version" value="20"/>
    <property name="user.dir" value="/Users/avani/eclipse-workspace/aws-lambda-dynamodb-java-sdk"/>
    <property name="os.arch" value="aarch64"/>
    <property name="java.vm.specification.name" value="Java Virtual Machine Specification"/>
    <property name="native.encoding" value="UTF-8"/>
    <property name="java.library.path" value="/Users/avani/Library/Java/Extensions:/Library/Java/Extensions:/Network/Library/Java/Extensions:/System/Library/Java/Extensions:/usr/lib/java:."/>
    <property name="java.vm.info" value="mixed mode, sharing"/>
    <property name="stderr.encoding" value="UTF-8"/>
    <property name="java.vendor" value="Homebrew"/>
    <property name="java.vm.version" value="20"/>
    <property name="sun.io.unicode.encoding" value="UnicodeBig"/>
    <property name="socksNonProxyHosts" value="local|*.local|169.254/16|*.169.254/16"/>
    <property name="java.class.version" value="64.0"/>
  </properties>
  <testcase name="testLambdaFunctionHandler" classname="com.amazonaws.lambda.demo.LambdaFunctionHandlerTest" time="1.718">
    <system-out><![CDATA[Reading started...
Input received: {
    "id":"ioufhvs-id",
    "firstName":"test-firstName",
    "lastName":"test-lastName"
}
DynamoDB Table with name: customers already exists.
Persisted Customer [id=waBnI, firstName=test-firstName, lastName=test-lastName] to Customer DynamoDB Table.
Size of table: 21
Table item index: 0 
Table data: Customer [id=d92lb, firstName=test-firstName, lastName=test-lastName]
Table item index: 1 
Table data: Customer [id=SoKOh, firstName=test-firstName, lastName=test-lastName]
Table item index: 2 
Table data: Customer [id=0qEOW, firstName=test-firstName, lastName=test-lastName]
Table item index: 3 
Table data: Customer [id=Oz7vf, firstName=test-firstName, lastName=test-lastName]
Table item index: 4 
Table data: Customer [id=mAoui, firstName=test-firstName, lastName=test-lastName]
Table item index: 5 
Table data: Customer [id=DkX20, firstName=test-firstName, lastName=test-lastName]
Table item index: 6 
Table data: Customer [id=CBK8u, firstName=test-firstName, lastName=test-lastName]
Table item index: 7 
Table data: Customer [id=fPxGG, firstName=test-firstName, lastName=test-lastName]
Table item index: 8 
Table data: Customer [id=kKazE, firstName=test-firstName, lastName=test-lastName]
Table item index: 9 
Table data: Customer [id=wy4pP, firstName=test-firstName, lastName=test-lastName]
Table item index: 10 
Table data: Customer [id=y9hfM, firstName=test-firstName, lastName=test-lastName]
Table item index: 11 
Table data: Customer [id=ILaQK, firstName=test-firstName, lastName=test-lastName]
Table item index: 12 
Table data: Customer [id=waBnI, firstName=test-firstName, lastName=test-lastName]
Table item index: 13 
Table data: Customer [id=ioufhvs-id, firstName=test-firstName, lastName=test-lastName]
Table item index: 14 
Table data: Customer [id=PGLGj, firstName=test-firstName, lastName=test-lastName]
Table item index: 15 
Table data: Customer [id=TM3Yc, firstName=test-firstName, lastName=test-lastName]
Table item index: 16 
Table data: Customer [id=WtOyJ, firstName=test-firstName, lastName=test-lastName]
Table item index: 17 
Table data: Customer [id=BScNG, firstName=test-firstName, lastName=test-lastName]
Table item index: 18 
Table data: Customer [id=1Gl27, firstName=test-firstName, lastName=test-lastName]
Table item index: 19 
Table data: Customer [id=QwuVB, firstName=test-firstName, lastName=test-lastName]
Table item index: 20 
Table data: Customer [id=EFwL3, firstName=test-firstName, lastName=test-lastName]
Lambda execution completed with responseData: Test from CloudSpikes!!Table data for index: 0 Customer [id=d92lb, firstName=test-firstName, lastName=test-lastName] 
Table data for index: 1 Customer [id=SoKOh, firstName=test-firstName, lastName=test-lastName] 
Table data for index: 2 Customer [id=0qEOW, firstName=test-firstName, lastName=test-lastName] 
Table data for index: 3 Customer [id=Oz7vf, firstName=test-firstName, lastName=test-lastName] 
Table data for index: 4 Customer [id=mAoui, firstName=test-firstName, lastName=test-lastName] 
Table data for index: 5 Customer [id=DkX20, firstName=test-firstName, lastName=test-lastName] 
Table data for index: 6 Customer [id=CBK8u, firstName=test-firstName, lastName=test-lastName] 
Table data for index: 7 Customer [id=fPxGG, firstName=test-firstName, lastName=test-lastName] 
Table data for index: 8 Customer [id=kKazE, firstName=test-firstName, lastName=test-lastName] 
Table data for index: 9 Customer [id=wy4pP, firstName=test-firstName, lastName=test-lastName] 
Table data for index: 10 Customer [id=y9hfM, firstName=test-firstName, lastName=test-lastName] 
Table data for index: 11 Customer [id=ILaQK, firstName=test-firstName, lastName=test-lastName] 
Table data for index: 12 Customer [id=waBnI, firstName=test-firstName, lastName=test-lastName] 
Table data for index: 13 Customer [id=ioufhvs-id, firstName=test-firstName, lastName=test-lastName] 
Table data for index: 14 Customer [id=PGLGj, firstName=test-firstName, lastName=test-lastName] 
Table data for index: 15 Customer [id=TM3Yc, firstName=test-firstName, lastName=test-lastName] 
Table data for index: 16 Customer [id=WtOyJ, firstName=test-firstName, lastName=test-lastName] 
Table data for index: 17 Customer [id=BScNG, firstName=test-firstName, lastName=test-lastName] 
Table data for index: 18 Customer [id=1Gl27, firstName=test-firstName, lastName=test-lastName] 
Table data for index: 19 Customer [id=QwuVB, firstName=test-firstName, lastName=test-lastName] 
Table data for index: 20 Customer [id=EFwL3, firstName=test-firstName, lastName=test-lastName] 

Test from CloudSpikes!!Table data for index: 0 Customer [id=d92lb, firstName=test-firstName, lastName=test-lastName] 
Table data for index: 1 Customer [id=SoKOh, firstName=test-firstName, lastName=test-lastName] 
Table data for index: 2 Customer [id=0qEOW, firstName=test-firstName, lastName=test-lastName] 
Table data for index: 3 Customer [id=Oz7vf, firstName=test-firstName, lastName=test-lastName] 
Table data for index: 4 Customer [id=mAoui, firstName=test-firstName, lastName=test-lastName] 
Table data for index: 5 Customer [id=DkX20, firstName=test-firstName, lastName=test-lastName] 
Table data for index: 6 Customer [id=CBK8u, firstName=test-firstName, lastName=test-lastName] 
Table data for index: 7 Customer [id=fPxGG, firstName=test-firstName, lastName=test-lastName] 
Table data for index: 8 Customer [id=kKazE, firstName=test-firstName, lastName=test-lastName] 
Table data for index: 9 Customer [id=wy4pP, firstName=test-firstName, lastName=test-lastName] 
Table data for index: 10 Customer [id=y9hfM, firstName=test-firstName, lastName=test-lastName] 
Table data for index: 11 Customer [id=ILaQK, firstName=test-firstName, lastName=test-lastName] 
Table data for index: 12 Customer [id=waBnI, firstName=test-firstName, lastName=test-lastName] 
Table data for index: 13 Customer [id=ioufhvs-id, firstName=test-firstName, lastName=test-lastName] 
Table data for index: 14 Customer [id=PGLGj, firstName=test-firstName, lastName=test-lastName] 
Table data for index: 15 Customer [id=TM3Yc, firstName=test-firstName, lastName=test-lastName] 
Table data for index: 16 Customer [id=WtOyJ, firstName=test-firstName, lastName=test-lastName] 
Table data for index: 17 Customer [id=BScNG, firstName=test-firstName, lastName=test-lastName] 
Table data for index: 18 Customer [id=1Gl27, firstName=test-firstName, lastName=test-lastName] 
Table data for index: 19 Customer [id=QwuVB, firstName=test-firstName, lastName=test-lastName] 
Table data for index: 20 Customer [id=EFwL3, firstName=test-firstName, lastName=test-lastName] 

]]></system-out>
  </testcase>
</testsuite>