<?xml version="1.0" encoding="UTF-8"?>
<testsuite xmlns:xsi="http://www.w3.org/2001/XMLSchema-instance" xsi:noNamespaceSchemaLocation="https://maven.apache.org/surefire/maven-surefire-plugin/xsd/surefire-test-report-3.0.xsd" version="3.0" name="com.amazonaws.lambda.demo.LambdaFunctionHandlerTest" time="1.462" tests="1" errors="0" skipped="0" failures="0">
  <properties>
    <property name="java.specification.version" value="20"/>
    <property name="sun.jnu.encoding" value="UTF-8"/>
    <property name="java.class.path" value="/Users/avani/eclipse-workspace/test-lambda-func-2/target/test-classes:/Users/avani/eclipse-workspace/test-lambda-func-2/target/classes:/Users/avani/.m2/repository/com/google/code/gson/gson/2.10.1/gson-2.10.1.jar:/Users/avani/.m2/repository/software/amazon/awssdk/sns/2.20.47/sns-2.20.47.jar:/Users/avani/.m2/repository/software/amazon/awssdk/aws-query-protocol/2.20.47/aws-query-protocol-2.20.47.jar:/Users/avani/.m2/repository/software/amazon/awssdk/protocol-core/2.20.47/protocol-core-2.20.47.jar:/Users/avani/.m2/repository/software/amazon/awssdk/sdk-core/2.20.47/sdk-core-2.20.47.jar:/Users/avani/.m2/repository/software/amazon/awssdk/profiles/2.20.47/profiles-2.20.47.jar:/Users/avani/.m2/repository/org/slf4j/slf4j-api/1.7.30/slf4j-api-1.7.30.jar:/Users/avani/.m2/repository/org/reactivestreams/reactive-streams/1.0.3/reactive-streams-1.0.3.jar:/Users/avani/.m2/repository/software/amazon/awssdk/auth/2.20.47/auth-2.20.47.jar:/Users/avani/.m2/repository/software/amazon/eventstream/eventstream/1.0.1/eventstream-1.0.1.jar:/Users/avani/.m2/repository/software/amazon/awssdk/http-client-spi/2.20.47/http-client-spi-2.20.47.jar:/Users/avani/.m2/repository/software/amazon/awssdk/regions/2.20.47/regions-2.20.47.jar:/Users/avani/.m2/repository/software/amazon/awssdk/annotations/2.20.47/annotations-2.20.47.jar:/Users/avani/.m2/repository/software/amazon/awssdk/utils/2.20.47/utils-2.20.47.jar:/Users/avani/.m2/repository/software/amazon/awssdk/aws-core/2.20.47/aws-core-2.20.47.jar:/Users/avani/.m2/repository/software/amazon/awssdk/metrics-spi/2.20.47/metrics-spi-2.20.47.jar:/Users/avani/.m2/repository/software/amazon/awssdk/json-utils/2.20.47/json-utils-2.20.47.jar:/Users/avani/.m2/repository/software/amazon/awssdk/third-party-jackson-core/2.20.47/third-party-jackson-core-2.20.47.jar:/Users/avani/.m2/repository/software/amazon/awssdk/endpoints-spi/2.20.47/endpoints-spi-2.20.47.jar:/Users/avani/.m2/repository/software/amazon/awssdk/apache-client/2.20.47/apache-client-2.20.47.jar:/Users/avani/.m2/repository/org/apache/httpcomponents/httpclient/4.5.13/httpclient-4.5.13.jar:/Users/avani/.m2/repository/commons-logging/commons-logging/1.2/commons-logging-1.2.jar:/Users/avani/.m2/repository/org/apache/httpcomponents/httpcore/4.4.13/httpcore-4.4.13.jar:/Users/avani/.m2/repository/commons-codec/commons-codec/1.15/commons-codec-1.15.jar:/Users/avani/.m2/repository/software/amazon/awssdk/netty-nio-client/2.20.47/netty-nio-client-2.20.47.jar:/Users/avani/.m2/repository/io/netty/netty-codec-http/4.1.86.Final/netty-codec-http-4.1.86.Final.jar:/Users/avani/.m2/repository/io/netty/netty-codec-http2/4.1.86.Final/netty-codec-http2-4.1.86.Final.jar:/Users/avani/.m2/repository/io/netty/netty-codec/4.1.86.Final/netty-codec-4.1.86.Final.jar:/Users/avani/.m2/repository/io/netty/netty-transport/4.1.86.Final/netty-transport-4.1.86.Final.jar:/Users/avani/.m2/repository/io/netty/netty-resolver/4.1.86.Final/netty-resolver-4.1.86.Final.jar:/Users/avani/.m2/repository/io/netty/netty-common/4.1.86.Final/netty-common-4.1.86.Final.jar:/Users/avani/.m2/repository/io/netty/netty-buffer/4.1.86.Final/netty-buffer-4.1.86.Final.jar:/Users/avani/.m2/repository/io/netty/netty-handler/4.1.86.Final/netty-handler-4.1.86.Final.jar:/Users/avani/.m2/repository/io/netty/netty-transport-native-unix-common/4.1.86.Final/netty-transport-native-unix-common-4.1.86.Final.jar:/Users/avani/.m2/repository/io/netty/netty-transport-classes-epoll/4.1.86.Final/netty-transport-classes-epoll-4.1.86.Final.jar:/Users/avani/.m2/repository/junit/junit/4.12/junit-4.12.jar:/Users/avani/.m2/repository/org/hamcrest/hamcrest-core/1.3/hamcrest-core-1.3.jar:/Users/avani/.m2/repository/com/amazonaws/aws-lambda-java-events/1.3.0/aws-lambda-java-events-1.3.0.jar:/Users/avani/.m2/repository/com/amazonaws/aws-java-sdk-s3/1.11.256/aws-java-sdk-s3-1.11.256.jar:/Users/avani/.m2/repository/com/amazonaws/aws-java-sdk-kms/1.11.256/aws-java-sdk-kms-1.11.256.jar:/Users/avani/.m2/repository/com/amazonaws/aws-java-sdk-core/1.11.256/aws-java-sdk-core-1.11.256.jar:/Users/avani/.m2/repository/software/amazon/ion/ion-java/1.0.2/ion-java-1.0.2.jar:/Users/avani/.m2/repository/com/fasterxml/jackson/core/jackson-databind/2.6.7.1/jackson-databind-2.6.7.1.jar:/Users/avani/.m2/repository/com/fasterxml/jackson/core/jackson-annotations/2.6.0/jackson-annotations-2.6.0.jar:/Users/avani/.m2/repository/com/fasterxml/jackson/core/jackson-core/2.6.7/jackson-core-2.6.7.jar:/Users/avani/.m2/repository/com/fasterxml/jackson/dataformat/jackson-dataformat-cbor/2.6.7/jackson-dataformat-cbor-2.6.7.jar:/Users/avani/.m2/repository/joda-time/joda-time/2.8.1/joda-time-2.8.1.jar:/Users/avani/.m2/repository/com/amazonaws/jmespath-java/1.11.256/jmespath-java-1.11.256.jar:/Users/avani/.m2/repository/com/amazonaws/aws-java-sdk-sns/1.11.256/aws-java-sdk-sns-1.11.256.jar:/Users/avani/.m2/repository/com/amazonaws/aws-java-sdk-sqs/1.11.256/aws-java-sdk-sqs-1.11.256.jar:/Users/avani/.m2/repository/com/amazonaws/aws-java-sdk-cognitoidentity/1.11.256/aws-java-sdk-cognitoidentity-1.11.256.jar:/Users/avani/.m2/repository/com/amazonaws/aws-java-sdk-kinesis/1.11.256/aws-java-sdk-kinesis-1.11.256.jar:/Users/avani/.m2/repository/com/amazonaws/aws-java-sdk-dynamodb/1.11.256/aws-java-sdk-dynamodb-1.11.256.jar:/Users/avani/.m2/repository/com/amazonaws/aws-lambda-java-core/1.1.0/aws-lambda-java-core-1.1.0.jar:"/>
    <property name="java.vm.vendor" value="Homebrew"/>
    <property name="sun.arch.data.model" value="64"/>
    <property name="java.vendor.url" value="https://github.com/Homebrew/homebrew-core/issues"/>
    <property name="os.name" value="Mac OS X"/>
    <property name="java.vm.specification.version" value="20"/>
    <property name="sun.java.launcher" value="SUN_STANDARD"/>
    <property name="user.country" value="CA"/>
    <property name="sun.boot.library.path" value="/opt/homebrew/Cellar/openjdk/20/libexec/openjdk.jdk/Contents/Home/lib"/>
    <property name="sun.java.command" value="/Users/avani/eclipse-workspace/test-lambda-func-2/target/surefire/surefirebooter-20230420230142598_3.jar /Users/avani/eclipse-workspace/test-lambda-func-2/target/surefire 2023-04-20T23-01-42_555-jvmRun1 surefire-20230420230142598_1tmp surefire_0-20230420230142598_2tmp"/>
    <property name="http.nonProxyHosts" value="local|*.local|169.254/16|*.169.254/16"/>
    <property name="jdk.debug" value="release"/>
    <property name="surefire.test.class.path" value="/Users/avani/eclipse-workspace/test-lambda-func-2/target/test-classes:/Users/avani/eclipse-workspace/test-lambda-func-2/target/classes:/Users/avani/.m2/repository/com/google/code/gson/gson/2.10.1/gson-2.10.1.jar:/Users/avani/.m2/repository/software/amazon/awssdk/sns/2.20.47/sns-2.20.47.jar:/Users/avani/.m2/repository/software/amazon/awssdk/aws-query-protocol/2.20.47/aws-query-protocol-2.20.47.jar:/Users/avani/.m2/repository/software/amazon/awssdk/protocol-core/2.20.47/protocol-core-2.20.47.jar:/Users/avani/.m2/repository/software/amazon/awssdk/sdk-core/2.20.47/sdk-core-2.20.47.jar:/Users/avani/.m2/repository/software/amazon/awssdk/profiles/2.20.47/profiles-2.20.47.jar:/Users/avani/.m2/repository/org/slf4j/slf4j-api/1.7.30/slf4j-api-1.7.30.jar:/Users/avani/.m2/repository/org/reactivestreams/reactive-streams/1.0.3/reactive-streams-1.0.3.jar:/Users/avani/.m2/repository/software/amazon/awssdk/auth/2.20.47/auth-2.20.47.jar:/Users/avani/.m2/repository/software/amazon/eventstream/eventstream/1.0.1/eventstream-1.0.1.jar:/Users/avani/.m2/repository/software/amazon/awssdk/http-client-spi/2.20.47/http-client-spi-2.20.47.jar:/Users/avani/.m2/repository/software/amazon/awssdk/regions/2.20.47/regions-2.20.47.jar:/Users/avani/.m2/repository/software/amazon/awssdk/annotations/2.20.47/annotations-2.20.47.jar:/Users/avani/.m2/repository/software/amazon/awssdk/utils/2.20.47/utils-2.20.47.jar:/Users/avani/.m2/repository/software/amazon/awssdk/aws-core/2.20.47/aws-core-2.20.47.jar:/Users/avani/.m2/repository/software/amazon/awssdk/metrics-spi/2.20.47/metrics-spi-2.20.47.jar:/Users/avani/.m2/repository/software/amazon/awssdk/json-utils/2.20.47/json-utils-2.20.47.jar:/Users/avani/.m2/repository/software/amazon/awssdk/third-party-jackson-core/2.20.47/third-party-jackson-core-2.20.47.jar:/Users/avani/.m2/repository/software/amazon/awssdk/endpoints-spi/2.20.47/endpoints-spi-2.20.47.jar:/Users/avani/.m2/repository/software/amazon/awssdk/apache-client/2.20.47/apache-client-2.20.47.jar:/Users/avani/.m2/repository/org/apache/httpcomponents/httpclient/4.5.13/httpclient-4.5.13.jar:/Users/avani/.m2/repository/commons-logging/commons-logging/1.2/commons-logging-1.2.jar:/Users/avani/.m2/repository/org/apache/httpcomponents/httpcore/4.4.13/httpcore-4.4.13.jar:/Users/avani/.m2/repository/commons-codec/commons-codec/1.15/commons-codec-1.15.jar:/Users/avani/.m2/repository/software/amazon/awssdk/netty-nio-client/2.20.47/netty-nio-client-2.20.47.jar:/Users/avani/.m2/repository/io/netty/netty-codec-http/4.1.86.Final/netty-codec-http-4.1.86.Final.jar:/Users/avani/.m2/repository/io/netty/netty-codec-http2/4.1.86.Final/netty-codec-http2-4.1.86.Final.jar:/Users/avani/.m2/repository/io/netty/netty-codec/4.1.86.Final/netty-codec-4.1.86.Final.jar:/Users/avani/.m2/repository/io/netty/netty-transport/4.1.86.Final/netty-transport-4.1.86.Final.jar:/Users/avani/.m2/repository/io/netty/netty-resolver/4.1.86.Final/netty-resolver-4.1.86.Final.jar:/Users/avani/.m2/repository/io/netty/netty-common/4.1.86.Final/netty-common-4.1.86.Final.jar:/Users/avani/.m2/repository/io/netty/netty-buffer/4.1.86.Final/netty-buffer-4.1.86.Final.jar:/Users/avani/.m2/repository/io/netty/netty-handler/4.1.86.Final/netty-handler-4.1.86.Final.jar:/Users/avani/.m2/repository/io/netty/netty-transport-native-unix-common/4.1.86.Final/netty-transport-native-unix-common-4.1.86.Final.jar:/Users/avani/.m2/repository/io/netty/netty-transport-classes-epoll/4.1.86.Final/netty-transport-classes-epoll-4.1.86.Final.jar:/Users/avani/.m2/repository/junit/junit/4.12/junit-4.12.jar:/Users/avani/.m2/repository/org/hamcrest/hamcrest-core/1.3/hamcrest-core-1.3.jar:/Users/avani/.m2/repository/com/amazonaws/aws-lambda-java-events/1.3.0/aws-lambda-java-events-1.3.0.jar:/Users/avani/.m2/repository/com/amazonaws/aws-java-sdk-s3/1.11.256/aws-java-sdk-s3-1.11.256.jar:/Users/avani/.m2/repository/com/amazonaws/aws-java-sdk-kms/1.11.256/aws-java-sdk-kms-1.11.256.jar:/Users/avani/.m2/repository/com/amazonaws/aws-java-sdk-core/1.11.256/aws-java-sdk-core-1.11.256.jar:/Users/avani/.m2/repository/software/amazon/ion/ion-java/1.0.2/ion-java-1.0.2.jar:/Users/avani/.m2/repository/com/fasterxml/jackson/core/jackson-databind/2.6.7.1/jackson-databind-2.6.7.1.jar:/Users/avani/.m2/repository/com/fasterxml/jackson/core/jackson-annotations/2.6.0/jackson-annotations-2.6.0.jar:/Users/avani/.m2/repository/com/fasterxml/jackson/core/jackson-core/2.6.7/jackson-core-2.6.7.jar:/Users/avani/.m2/repository/com/fasterxml/jackson/dataformat/jackson-dataformat-cbor/2.6.7/jackson-dataformat-cbor-2.6.7.jar:/Users/avani/.m2/repository/joda-time/joda-time/2.8.1/joda-time-2.8.1.jar:/Users/avani/.m2/repository/com/amazonaws/jmespath-java/1.11.256/jmespath-java-1.11.256.jar:/Users/avani/.m2/repository/com/amazonaws/aws-java-sdk-sns/1.11.256/aws-java-sdk-sns-1.11.256.jar:/Users/avani/.m2/repository/com/amazonaws/aws-java-sdk-sqs/1.11.256/aws-java-sdk-sqs-1.11.256.jar:/Users/avani/.m2/repository/com/amazonaws/aws-java-sdk-cognitoidentity/1.11.256/aws-java-sdk-cognitoidentity-1.11.256.jar:/Users/avani/.m2/repository/com/amazonaws/aws-java-sdk-kinesis/1.11.256/aws-java-sdk-kinesis-1.11.256.jar:/Users/avani/.m2/repository/com/amazonaws/aws-java-sdk-dynamodb/1.11.256/aws-java-sdk-dynamodb-1.11.256.jar:/Users/avani/.m2/repository/com/amazonaws/aws-lambda-java-core/1.1.0/aws-lambda-java-core-1.1.0.jar:"/>
    <property name="sun.cpu.endian" value="little"/>
    <property name="user.home" value="/Users/avani"/>
    <property name="user.language" value="en"/>
    <property name="java.specification.vendor" value="Oracle Corporation"/>
    <property name="java.version.date" value="2023-03-21"/>
    <property name="java.home" value="/opt/homebrew/Cellar/openjdk/20/libexec/openjdk.jdk/Contents/Home"/>
    <property name="file.separator" value="/"/>
    <property name="basedir" value="/Users/avani/eclipse-workspace/test-lambda-func-2"/>
    <property name="java.vm.compressedOopsMode" value="Zero based"/>
    <property name="line.separator" value="&#10;"/>
    <property name="java.vm.specification.vendor" value="Oracle Corporation"/>
    <property name="java.specification.name" value="Java Platform API Specification"/>
    <property name="apple.awt.application.name" value="ForkedBooter"/>
    <property name="surefire.real.class.path" value="/Users/avani/eclipse-workspace/test-lambda-func-2/target/surefire/surefirebooter-20230420230142598_3.jar"/>
    <property name="sun.management.compiler" value="HotSpot 64-Bit Tiered Compilers"/>
    <property name="ftp.nonProxyHosts" value="local|*.local|169.254/16|*.169.254/16"/>
    <property name="java.runtime.version" value="20"/>
    <property name="user.name" value="avani"/>
    <property name="stdout.encoding" value="UTF-8"/>
    <property name="path.separator" value=":"/>
    <property name="os.version" value="13.3.1"/>
    <property name="java.runtime.name" value="OpenJDK Runtime Environment"/>
    <property name="file.encoding" value="UTF-8"/>
    <property name="java.vm.name" value="OpenJDK 64-Bit Server VM"/>
    <property name="java.vendor.version" value="Homebrew"/>
    <property name="localRepository" value="/Users/avani/.m2/repository"/>
    <property name="java.vendor.url.bug" value="https://github.com/Homebrew/homebrew-core/issues"/>
    <property name="java.io.tmpdir" value="/var/folders/bg/1s_q8v_12yd174zk10tcq5rc0000gn/T/"/>
    <property name="java.version" value="20"/>
    <property name="user.dir" value="/Users/avani/eclipse-workspace/test-lambda-func-2"/>
    <property name="os.arch" value="aarch64"/>
    <property name="java.vm.specification.name" value="Java Virtual Machine Specification"/>
    <property name="native.encoding" value="UTF-8"/>
    <property name="java.library.path" value="/Users/avani/Library/Java/Extensions:/Library/Java/Extensions:/Network/Library/Java/Extensions:/System/Library/Java/Extensions:/usr/lib/java:."/>
    <property name="java.vm.info" value="mixed mode, sharing"/>
    <property name="stderr.encoding" value="UTF-8"/>
    <property name="java.vendor" value="Homebrew"/>
    <property name="java.vm.version" value="20"/>
    <property name="sun.io.unicode.encoding" value="UnicodeBig"/>
    <property name="socksNonProxyHosts" value="local|*.local|169.254/16|*.169.254/16"/>
    <property name="java.class.version" value="64.0"/>
  </properties>
  <testcase name="testLambdaFunctionHandler" classname="com.amazonaws.lambda.demo.LambdaFunctionHandlerTest" time="1.427">
    <system-out><![CDATA[Reading started...
Input received: {
    "notificationMsg":"test3",
    "notificationSubscribers":"ranadhruv42@gmail.com,ranaavani712@gmail.com,dhruvrana4244@gmail.com"
}
Notification Msg: test3
Notification Subscribers: ranadhruv42@gmail.com,ranaavani712@gmail.com,dhruvrana4244@gmail.com
SNS Topic ARN under scan: arn:aws:sns:us-east-1:615311846444:Budget_Topic
SNS Topic ARN under scan: arn:aws:sns:us-east-1:615311846444:asg-test-topic
SNS Topic ARN under scan: arn:aws:sns:us-east-1:615311846444:testJavaTopic
Endpoint at: 0 value is: ranaavani712@gmail.com
Endpoint at: 1 value is: dhruvrana4244@gmail.com
Endpoint at: 2 value is: +16473767753
Endpoint at: 3 value is: ranadhruv42@gmail.com
Endpoint at: 4 value is: dhruvrana2910@gmail.com
Subscriber: ranadhruv42@gmail.com already exists.
Subscriber: ranaavani712@gmail.com already exists.
Subscriber: dhruvrana4244@gmail.com already exists.
Lambda execution completed with responseData: Test from CloudSpikes!!
Test from CloudSpikes!!
]]></system-out>
  </testcase>
</testsuite>