<?xml version="1.0" encoding="UTF-8"?>
<testsuite xmlns:xsi="http://www.w3.org/2001/XMLSchema-instance" xsi:noNamespaceSchemaLocation="https://maven.apache.org/surefire/maven-surefire-plugin/xsd/surefire-test-report-3.0.xsd" version="3.0" name="com.amazonaws.lambda.demo.LambdaFunctionHandlerTest" time="1.763" tests="1" errors="0" skipped="0" failures="0">
  <properties>
    <property name="java.specification.version" value="20"/>
    <property name="sun.jnu.encoding" value="UTF-8"/>
    <property name="java.class.path" value="/Users/avani/eclipse-workspace/test-java-aws-lambda-func/target/test-classes:/Users/avani/eclipse-workspace/test-java-aws-lambda-func/target/classes:/Users/avani/.m2/repository/mysql/mysql-connector-java/8.0.16/mysql-connector-java-8.0.16.jar:/Users/avani/.m2/repository/com/google/protobuf/protobuf-java/3.6.1/protobuf-java-3.6.1.jar:/Users/avani/.m2/repository/com/google/code/gson/gson/2.10.1/gson-2.10.1.jar:/Users/avani/.m2/repository/junit/junit/4.12/junit-4.12.jar:/Users/avani/.m2/repository/org/hamcrest/hamcrest-core/1.3/hamcrest-core-1.3.jar:/Users/avani/.m2/repository/com/amazonaws/aws-lambda-java-events/1.3.0/aws-lambda-java-events-1.3.0.jar:/Users/avani/.m2/repository/com/amazonaws/aws-java-sdk-s3/1.11.256/aws-java-sdk-s3-1.11.256.jar:/Users/avani/.m2/repository/com/amazonaws/aws-java-sdk-kms/1.11.256/aws-java-sdk-kms-1.11.256.jar:/Users/avani/.m2/repository/com/amazonaws/aws-java-sdk-core/1.11.256/aws-java-sdk-core-1.11.256.jar:/Users/avani/.m2/repository/commons-logging/commons-logging/1.1.3/commons-logging-1.1.3.jar:/Users/avani/.m2/repository/org/apache/httpcomponents/httpclient/4.5.2/httpclient-4.5.2.jar:/Users/avani/.m2/repository/org/apache/httpcomponents/httpcore/4.4.4/httpcore-4.4.4.jar:/Users/avani/.m2/repository/commons-codec/commons-codec/1.9/commons-codec-1.9.jar:/Users/avani/.m2/repository/software/amazon/ion/ion-java/1.0.2/ion-java-1.0.2.jar:/Users/avani/.m2/repository/com/fasterxml/jackson/core/jackson-databind/2.6.7.1/jackson-databind-2.6.7.1.jar:/Users/avani/.m2/repository/com/fasterxml/jackson/core/jackson-annotations/2.6.0/jackson-annotations-2.6.0.jar:/Users/avani/.m2/repository/com/fasterxml/jackson/core/jackson-core/2.6.7/jackson-core-2.6.7.jar:/Users/avani/.m2/repository/com/fasterxml/jackson/dataformat/jackson-dataformat-cbor/2.6.7/jackson-dataformat-cbor-2.6.7.jar:/Users/avani/.m2/repository/joda-time/joda-time/2.8.1/joda-time-2.8.1.jar:/Users/avani/.m2/repository/com/amazonaws/jmespath-java/1.11.256/jmespath-java-1.11.256.jar:/Users/avani/.m2/repository/com/amazonaws/aws-java-sdk-sns/1.11.256/aws-java-sdk-sns-1.11.256.jar:/Users/avani/.m2/repository/com/amazonaws/aws-java-sdk-sqs/1.11.256/aws-java-sdk-sqs-1.11.256.jar:/Users/avani/.m2/repository/com/amazonaws/aws-java-sdk-cognitoidentity/1.11.256/aws-java-sdk-cognitoidentity-1.11.256.jar:/Users/avani/.m2/repository/com/amazonaws/aws-java-sdk-kinesis/1.11.256/aws-java-sdk-kinesis-1.11.256.jar:/Users/avani/.m2/repository/com/amazonaws/aws-java-sdk-dynamodb/1.11.256/aws-java-sdk-dynamodb-1.11.256.jar:/Users/avani/.m2/repository/com/amazonaws/aws-lambda-java-core/1.1.0/aws-lambda-java-core-1.1.0.jar:"/>
    <property name="java.vm.vendor" value="Homebrew"/>
    <property name="sun.arch.data.model" value="64"/>
    <property name="java.vendor.url" value="https://github.com/Homebrew/homebrew-core/issues"/>
    <property name="os.name" value="Mac OS X"/>
    <property name="java.vm.specification.version" value="20"/>
    <property name="sun.java.launcher" value="SUN_STANDARD"/>
    <property name="user.country" value="CA"/>
    <property name="sun.boot.library.path" value="/opt/homebrew/Cellar/openjdk/20/libexec/openjdk.jdk/Contents/Home/lib"/>
    <property name="sun.java.command" value="/Users/avani/eclipse-workspace/test-java-aws-lambda-func/target/surefire/surefirebooter-20230420201205155_3.jar /Users/avani/eclipse-workspace/test-java-aws-lambda-func/target/surefire 2023-04-20T20-12-05_108-jvmRun1 surefire-20230420201205155_1tmp surefire_0-20230420201205155_2tmp"/>
    <property name="http.nonProxyHosts" value="local|*.local|169.254/16|*.169.254/16"/>
    <property name="jdk.debug" value="release"/>
    <property name="surefire.test.class.path" value="/Users/avani/eclipse-workspace/test-java-aws-lambda-func/target/test-classes:/Users/avani/eclipse-workspace/test-java-aws-lambda-func/target/classes:/Users/avani/.m2/repository/mysql/mysql-connector-java/8.0.16/mysql-connector-java-8.0.16.jar:/Users/avani/.m2/repository/com/google/protobuf/protobuf-java/3.6.1/protobuf-java-3.6.1.jar:/Users/avani/.m2/repository/com/google/code/gson/gson/2.10.1/gson-2.10.1.jar:/Users/avani/.m2/repository/junit/junit/4.12/junit-4.12.jar:/Users/avani/.m2/repository/org/hamcrest/hamcrest-core/1.3/hamcrest-core-1.3.jar:/Users/avani/.m2/repository/com/amazonaws/aws-lambda-java-events/1.3.0/aws-lambda-java-events-1.3.0.jar:/Users/avani/.m2/repository/com/amazonaws/aws-java-sdk-s3/1.11.256/aws-java-sdk-s3-1.11.256.jar:/Users/avani/.m2/repository/com/amazonaws/aws-java-sdk-kms/1.11.256/aws-java-sdk-kms-1.11.256.jar:/Users/avani/.m2/repository/com/amazonaws/aws-java-sdk-core/1.11.256/aws-java-sdk-core-1.11.256.jar:/Users/avani/.m2/repository/commons-logging/commons-logging/1.1.3/commons-logging-1.1.3.jar:/Users/avani/.m2/repository/org/apache/httpcomponents/httpclient/4.5.2/httpclient-4.5.2.jar:/Users/avani/.m2/repository/org/apache/httpcomponents/httpcore/4.4.4/httpcore-4.4.4.jar:/Users/avani/.m2/repository/commons-codec/commons-codec/1.9/commons-codec-1.9.jar:/Users/avani/.m2/repository/software/amazon/ion/ion-java/1.0.2/ion-java-1.0.2.jar:/Users/avani/.m2/repository/com/fasterxml/jackson/core/jackson-databind/2.6.7.1/jackson-databind-2.6.7.1.jar:/Users/avani/.m2/repository/com/fasterxml/jackson/core/jackson-annotations/2.6.0/jackson-annotations-2.6.0.jar:/Users/avani/.m2/repository/com/fasterxml/jackson/core/jackson-core/2.6.7/jackson-core-2.6.7.jar:/Users/avani/.m2/repository/com/fasterxml/jackson/dataformat/jackson-dataformat-cbor/2.6.7/jackson-dataformat-cbor-2.6.7.jar:/Users/avani/.m2/repository/joda-time/joda-time/2.8.1/joda-time-2.8.1.jar:/Users/avani/.m2/repository/com/amazonaws/jmespath-java/1.11.256/jmespath-java-1.11.256.jar:/Users/avani/.m2/repository/com/amazonaws/aws-java-sdk-sns/1.11.256/aws-java-sdk-sns-1.11.256.jar:/Users/avani/.m2/repository/com/amazonaws/aws-java-sdk-sqs/1.11.256/aws-java-sdk-sqs-1.11.256.jar:/Users/avani/.m2/repository/com/amazonaws/aws-java-sdk-cognitoidentity/1.11.256/aws-java-sdk-cognitoidentity-1.11.256.jar:/Users/avani/.m2/repository/com/amazonaws/aws-java-sdk-kinesis/1.11.256/aws-java-sdk-kinesis-1.11.256.jar:/Users/avani/.m2/repository/com/amazonaws/aws-java-sdk-dynamodb/1.11.256/aws-java-sdk-dynamodb-1.11.256.jar:/Users/avani/.m2/repository/com/amazonaws/aws-lambda-java-core/1.1.0/aws-lambda-java-core-1.1.0.jar:"/>
    <property name="sun.cpu.endian" value="little"/>
    <property name="user.home" value="/Users/avani"/>
    <property name="user.language" value="en"/>
    <property name="java.specification.vendor" value="Oracle Corporation"/>
    <property name="java.version.date" value="2023-03-21"/>
    <property name="java.home" value="/opt/homebrew/Cellar/openjdk/20/libexec/openjdk.jdk/Contents/Home"/>
    <property name="file.separator" value="/"/>
    <property name="basedir" value="/Users/avani/eclipse-workspace/test-java-aws-lambda-func"/>
    <property name="java.vm.compressedOopsMode" value="Zero based"/>
    <property name="line.separator" value="&#10;"/>
    <property name="java.vm.specification.vendor" value="Oracle Corporation"/>
    <property name="java.specification.name" value="Java Platform API Specification"/>
    <property name="apple.awt.application.name" value="ForkedBooter"/>
    <property name="surefire.real.class.path" value="/Users/avani/eclipse-workspace/test-java-aws-lambda-func/target/surefire/surefirebooter-20230420201205155_3.jar"/>
    <property name="sun.management.compiler" value="HotSpot 64-Bit Tiered Compilers"/>
    <property name="ftp.nonProxyHosts" value="local|*.local|169.254/16|*.169.254/16"/>
    <property name="java.runtime.version" value="20"/>
    <property name="user.name" value="avani"/>
    <property name="stdout.encoding" value="UTF-8"/>
    <property name="path.separator" value=":"/>
    <property name="os.version" value="13.3.1"/>
    <property name="java.runtime.name" value="OpenJDK Runtime Environment"/>
    <property name="file.encoding" value="UTF-8"/>
    <property name="java.vm.name" value="OpenJDK 64-Bit Server VM"/>
    <property name="java.vendor.version" value="Homebrew"/>
    <property name="localRepository" value="/Users/avani/.m2/repository"/>
    <property name="java.vendor.url.bug" value="https://github.com/Homebrew/homebrew-core/issues"/>
    <property name="java.io.tmpdir" value="/var/folders/bg/1s_q8v_12yd174zk10tcq5rc0000gn/T/"/>
    <property name="java.version" value="20"/>
    <property name="user.dir" value="/Users/avani/eclipse-workspace/test-java-aws-lambda-func"/>
    <property name="os.arch" value="aarch64"/>
    <property name="java.vm.specification.name" value="Java Virtual Machine Specification"/>
    <property name="native.encoding" value="UTF-8"/>
    <property name="java.library.path" value="/Users/avani/Library/Java/Extensions:/Library/Java/Extensions:/Network/Library/Java/Extensions:/System/Library/Java/Extensions:/usr/lib/java:."/>
    <property name="java.vm.info" value="mixed mode, sharing"/>
    <property name="stderr.encoding" value="UTF-8"/>
    <property name="java.vendor" value="Homebrew"/>
    <property name="java.vm.version" value="20"/>
    <property name="sun.io.unicode.encoding" value="UnicodeBig"/>
    <property name="socksNonProxyHosts" value="local|*.local|169.254/16|*.169.254/16"/>
    <property name="java.class.version" value="64.0"/>
  </properties>
  <testcase name="testLambdaFunctionHandler" classname="com.amazonaws.lambda.demo.LambdaFunctionHandlerTest" time="1.745">
    <system-out><![CDATA[Starting Lambda func
Input received: {
    "petName":"test-petName",
    "ownerName":"test-ownerName",
    "dogSpecies":"test-dogSpecies"
}
Pet Name: test-petName
Owner Name: test-ownerName
Dog Species: test-dogSpecies
Executing INSERT SQL Query: INSERT INTO pet_data VALUES ('test-petName', 'test-ownerName', 'test-dogSpecies')
resultCount: 1
Insertion operation: resultCount: 1
Executing SELECT SQL Query: select * from pet_data
Final apiResponse: 
 Pet Data Set number 0 from the AWS RDS MySQL DB Instance: Pet Name = Jackson  Owner Name = Dhruv  Dog Species = Golden Retriever 
 Pet Data Set number 1 from the AWS RDS MySQL DB Instance: Pet Name = Mike  Owner Name = Dhruv  Dog Species = Beagle 
 Pet Data Set number 2 from the AWS RDS MySQL DB Instance: Pet Name = test-petName  Owner Name = test-ownerName  Dog Species = test-dogSpecies 

Ending Lambda func, responseMsg: 
  Pet Data Set number 0 from the AWS RDS MySQL DB Instance: Pet Name = Jackson  Owner Name = Dhruv  Dog Species = Golden Retriever 
 Pet Data Set number 1 from the AWS RDS MySQL DB Instance: Pet Name = Mike  Owner Name = Dhruv  Dog Species = Beagle 
 Pet Data Set number 2 from the AWS RDS MySQL DB Instance: Pet Name = test-petName  Owner Name = test-ownerName  Dog Species = test-dogSpecies 

 Pet Data Set number 0 from the AWS RDS MySQL DB Instance: Pet Name = Jackson  Owner Name = Dhruv  Dog Species = Golden Retriever 
 Pet Data Set number 1 from the AWS RDS MySQL DB Instance: Pet Name = Mike  Owner Name = Dhruv  Dog Species = Beagle 
 Pet Data Set number 2 from the AWS RDS MySQL DB Instance: Pet Name = test-petName  Owner Name = test-ownerName  Dog Species = test-dogSpecies 

]]></system-out>
  </testcase>
</testsuite>